<?xml version="1.0" encoding="UTF-8"?>
<!-- Generated by org.testng.reporters.JUnitReportReporter -->
<testsuite skipped="0" hostname="RAJA" name="com.actitime.testscripts.CreateNewProjectPage" tests="1" failures="0" timestamp="2020-01-29T13:47:32 IST" time="1.642" errors="0">
  <testcase name="testCreateProjectTc_05" time="1.642" classname="com.actitime.testscripts.CreateNewProjectPage"/>
  <system-out/>
</testsuite> <!-- com.actitime.testscripts.CreateNewProjectPage -->
