<?xml version="1.0" encoding="UTF-8"?>
<!-- Generated by org.testng.reporters.JUnitReportReporter -->
<testsuite skipped="0" hostname="RAJA" name="com.actitime.testscripts.CreateCustomer" tests="1" failures="0" timestamp="2020-01-29T13:47:32 IST" time="2.853" errors="0">
  <testcase name="testCreateCustomerTc_04" time="2.853" classname="com.actitime.testscripts.CreateCustomer"/>
  <system-out/>
</testsuite> <!-- com.actitime.testscripts.CreateCustomer -->
